cl : command line  warning D9025: overriding '/sdl' with '/GS-'
  Custom.cpp
  dllmain.cpp
  imgui.cpp
  imgui_demo.cpp
  imgui_draw.cpp
  imgui_impl_dx11.cpp
  imgui_impl_win32.cpp
  imgui_tables.cpp
  imgui_widgets.cpp
  kiero.cpp
  utils.hpp
  Generating Code...
cl : command line  warning D9025: overriding '/sdl' with '/GS-'
  buffer.c
  hde32.c
  hde64.c
  hook.c
  trampoline.c
  Generating Code...
  Apex_Private_Internal.vcxproj -> C:\Users\Administrator\Desktop\Apex_Private_Internal\x64\Release\IGO64.dll
