c:\users\administrator\desktop\apex_private_internal\apex_private_internal\x64\release\vc143.pdb
c:\users\administrator\desktop\apex_private_internal\apex_private_internal\x64\release\utils.obj
c:\users\administrator\desktop\apex_private_internal\apex_private_internal\x64\release\kiero.obj
c:\users\administrator\desktop\apex_private_internal\apex_private_internal\x64\release\imgui_widgets.obj
c:\users\administrator\desktop\apex_private_internal\apex_private_internal\x64\release\imgui_tables.obj
c:\users\administrator\desktop\apex_private_internal\apex_private_internal\x64\release\imgui_impl_win32.obj
c:\users\administrator\desktop\apex_private_internal\apex_private_internal\x64\release\imgui_impl_dx11.obj
c:\users\administrator\desktop\apex_private_internal\apex_private_internal\x64\release\imgui_draw.obj
c:\users\administrator\desktop\apex_private_internal\apex_private_internal\x64\release\imgui_demo.obj
c:\users\administrator\desktop\apex_private_internal\apex_private_internal\x64\release\imgui.obj
c:\users\administrator\desktop\apex_private_internal\apex_private_internal\x64\release\dllmain.obj
c:\users\administrator\desktop\apex_private_internal\apex_private_internal\x64\release\custom.obj
c:\users\administrator\desktop\apex_private_internal\apex_private_internal\x64\release\trampoline.obj
c:\users\administrator\desktop\apex_private_internal\apex_private_internal\x64\release\hook.obj
c:\users\administrator\desktop\apex_private_internal\apex_private_internal\x64\release\hde64.obj
c:\users\administrator\desktop\apex_private_internal\apex_private_internal\x64\release\hde32.obj
c:\users\administrator\desktop\apex_private_internal\apex_private_internal\x64\release\buffer.obj
c:\users\administrator\desktop\apex_private_internal\x64\release\igo64.dll
c:\users\administrator\desktop\apex_private_internal\x64\release\igo64.pdb
c:\users\administrator\desktop\apex_private_internal\apex_private_internal\x64\release\minhook.res
c:\users\administrator\desktop\apex_private_internal\apex_private_internal\x64\release\crt.tlog\cl.command.1.tlog
c:\users\administrator\desktop\apex_private_internal\apex_private_internal\x64\release\crt.tlog\cl.items.tlog
c:\users\administrator\desktop\apex_private_internal\apex_private_internal\x64\release\crt.tlog\cl.read.1.tlog
c:\users\administrator\desktop\apex_private_internal\apex_private_internal\x64\release\crt.tlog\cl.write.1.tlog
c:\users\administrator\desktop\apex_private_internal\apex_private_internal\x64\release\crt.tlog\link.command.1.tlog
c:\users\administrator\desktop\apex_private_internal\apex_private_internal\x64\release\crt.tlog\link.read.1.tlog
c:\users\administrator\desktop\apex_private_internal\apex_private_internal\x64\release\crt.tlog\link.secondary.1.tlog
c:\users\administrator\desktop\apex_private_internal\apex_private_internal\x64\release\crt.tlog\link.write.1.tlog
c:\users\administrator\desktop\apex_private_internal\apex_private_internal\x64\release\crt.tlog\rc.command.1.tlog
c:\users\administrator\desktop\apex_private_internal\apex_private_internal\x64\release\crt.tlog\rc.read.1.tlog
c:\users\administrator\desktop\apex_private_internal\apex_private_internal\x64\release\crt.tlog\rc.write.1.tlog
